============================================================
[2025-12-15 12:07:32] Estado de Apache
------------------------------------------------------------
● apache2.service - The Apache HTTP Server
     Loaded: loaded (/usr/lib/systemd/system/apache2.service; enabled; preset: enabled)
     Active: active (running) since Mon 2025-12-15 11:33:21 CET; 34min ago
 Invocation: 2d3f7d51403d4bffba5cb0b56e97dc80
       Docs: https://httpd.apache.org/docs/2.4/
    Process: 802 ExecStart=/usr/sbin/apachectl start (code=exited, status=0/SUCCESS)
   Main PID: 887 (apache2)
      Tasks: 55 (limit: 2257)
     Memory: 8.1M (peak: 8.4M)
        CPU: 162ms
     CGroup: /system.slice/apache2.service
             ├─887 /usr/sbin/apache2 -k start
             ├─890 /usr/sbin/apache2 -k start
             └─891 /usr/sbin/apache2 -k start

dic 15 11:33:20 debian systemd[1]: Starting apache2.service - The Apache HTTP Server...
dic 15 11:33:21 debian apachectl[873]: AH00558: apache2: Could not reliably determine the server's fully qualified domain name, using 127.0.1.1. Set the 'ServerName' directive globally to suppress this message
dic 15 11:33:21 debian systemd[1]: Started apache2.service - The Apache HTTP Server.

============================================================
[2025-12-15 12:07:45] Uptime de Apache
------------------------------------------------------------
ActiveEnterTimestamp=Mon 2025-12-15 11:33:21 CET

============================================================
[2025-12-15 12:07:54] Puertos escuchando Apache
------------------------------------------------------------
LISTEN 0      511                *:80               *:*    users:(("apache2",pid=891,fd=4),("apache2",pid=890,fd=4),("apache2",pid=887,fd=4))

============================================================
[2025-12-15 12:08:13] Reload de Apache
------------------------------------------------------------
Reload ejecutado correctamente

============================================================
[2025-12-15 12:08:18] Logs de Apache
------------------------------------------------------------
--- access.log (últimas 10 líneas) ---


--- error.log (últimas 10 líneas) ---
[Thu Dec 11 12:11:08.678323 2025] [mpm_event:notice] [pid 9590:tid 9590] AH00489: Apache/2.4.65 (Debian) configured -- resuming normal operations
[Thu Dec 11 12:11:08.678394 2025] [core:notice] [pid 9590:tid 9590] AH00094: Command line: '/usr/sbin/apache2'
[Mon Dec 15 11:24:24.834461 2025] [mpm_event:notice] [pid 949:tid 949] AH00489: Apache/2.4.65 (Debian) configured -- resuming normal operations
[Mon Dec 15 11:24:24.835427 2025] [core:notice] [pid 949:tid 949] AH00094: Command line: '/usr/sbin/apache2'
[Mon Dec 15 11:33:21.135340 2025] [mpm_event:notice] [pid 887:tid 887] AH00489: Apache/2.4.65 (Debian) configured -- resuming normal operations
[Mon Dec 15 11:33:21.136250 2025] [core:notice] [pid 887:tid 887] AH00094: Command line: '/usr/sbin/apache2'
[Mon Dec 15 12:08:13.788317 2025] [mpm_event:notice] [pid 887:tid 887] AH00493: SIGUSR1 received.  Doing graceful restart
AH00558: apache2: Could not reliably determine the server's fully qualified domain name, using 127.0.1.1. Set the 'ServerName' directive globally to suppress this message
[Mon Dec 15 12:08:13.792419 2025] [mpm_event:notice] [pid 887:tid 887] AH00489: Apache/2.4.65 (Debian) configured -- resuming normal operations
[Mon Dec 15 12:08:13.792426 2025] [core:notice] [pid 887:tid 887] AH00094: Command line: '/usr/sbin/apache2'

============================================================
[2025-12-15 12:12:31] Reload de Apache
------------------------------------------------------------
Reload ejecutado correctamente

============================================================
[2025-12-15 12:12:43] Estado de Apache
------------------------------------------------------------
● apache2.service - The Apache HTTP Server
     Loaded: loaded (/usr/lib/systemd/system/apache2.service; enabled; preset: enabled)
     Active: active (running) since Mon 2025-12-15 11:33:21 CET; 39min ago
 Invocation: 2d3f7d51403d4bffba5cb0b56e97dc80
       Docs: https://httpd.apache.org/docs/2.4/
    Process: 802 ExecStart=/usr/sbin/apachectl start (code=exited, status=0/SUCCESS)
    Process: 2545 ExecReload=/usr/sbin/apachectl graceful (code=exited, status=0/SUCCESS)
   Main PID: 887 (apache2)
      Tasks: 55 (limit: 2257)
     Memory: 8.1M (peak: 10.4M)
        CPU: 230ms
     CGroup: /system.slice/apache2.service
             ├─ 887 /usr/sbin/apache2 -k start
             ├─2549 /usr/sbin/apache2 -k start
             └─2550 /usr/sbin/apache2 -k start

dic 15 11:33:20 debian systemd[1]: Starting apache2.service - The Apache HTTP Server...
dic 15 11:33:21 debian apachectl[873]: AH00558: apache2: Could not reliably determine the server's fully qualified domain name, using 127.0.1.1. Set the 'ServerName' directive globally to suppress this message
dic 15 11:33:21 debian systemd[1]: Started apache2.service - The Apache HTTP Server.
dic 15 12:08:13 debian systemd[1]: Reloading apache2.service - The Apache HTTP Server...
dic 15 12:08:13 debian apachectl[2017]: AH00558: apache2: Could not reliably determine the server's fully qualified domain name, using 127.0.1.1. Set the 'ServerName' directive globally to suppress this message
dic 15 12:08:13 debian systemd[1]: Reloaded apache2.service - The Apache HTTP Server.
dic 15 12:12:31 debian systemd[1]: Reloading apache2.service - The Apache HTTP Server...
dic 15 12:12:31 debian apachectl[2548]: AH00558: apache2: Could not reliably determine the server's fully qualified domain name, using 127.0.1.1. Set the 'ServerName' directive globally to suppress this message
dic 15 12:12:31 debian systemd[1]: Reloaded apache2.service - The Apache HTTP Server.

